<?xml version="1.0" encoding="UTF-8"?>
<!-- Generated by org.testng.reporters.JUnitReportReporter -->
<testsuite hostname="Pavan-Lenova" failures="0" tests="1" name="testCases.TC001_AccountRegistrationTest" time="2.464" errors="0" timestamp="2024-05-09T07:10:57 IST" skipped="0">
  <testcase classname="testCases.TC001_AccountRegistrationTest" name="verify_account_registration" time="2.464"/>
</testsuite> <!-- testCases.TC001_AccountRegistrationTest -->
