<?xml version="1.0" encoding="UTF-8"?>
<!-- Generated by org.testng.reporters.JUnitReportReporter -->
<testsuite hostname="Pavan-Lenova" failures="0" tests="1" name="testCases.TC002_LoginTest" time="1.951" errors="0" timestamp="2024-05-09T07:10:57 IST" skipped="0">
  <testcase classname="testCases.TC002_LoginTest" name="verify_login" time="1.951"/>
</testsuite> <!-- testCases.TC002_LoginTest -->
